<?xml version="1.0" encoding="UTF-8"?>
<testng-results ignored="0" total="1" passed="1" failed="0" skipped="0">
  <reporter-output>
  </reporter-output>
  <suite started-at="2025-03-22T12:49:27 GMT" name="Suite" finished-at="2025-03-22T12:49:52 GMT" duration-ms="24836">
    <groups>
    </groups>
    <test started-at="2025-03-22T12:49:27 GMT" name="Test" finished-at="2025-03-22T12:49:52 GMT" duration-ms="24836">
      <class name="testCases.TC003_PIMclass">
        <test-method is-config="true" signature="setup()[pri:0, instance:testCases.TC003_PIMclass@8519cb4]" started-at="2025-03-22T12:49:27 GMT" name="setup" finished-at="2025-03-22T12:49:34 GMT" duration-ms="6575" status="PASS">
          <reporter-output>
          </reporter-output>
        </test-method> <!-- setup -->
        <test-method signature="verify_pim()[pri:0, instance:testCases.TC003_PIMclass@8519cb4]" started-at="2025-03-22T12:49:34 GMT" name="verify_pim" finished-at="2025-03-22T12:49:52 GMT" duration-ms="18161" status="PASS">
          <reporter-output>
          </reporter-output>
        </test-method> <!-- verify_pim -->
      </class> <!-- testCases.TC003_PIMclass -->
    </test> <!-- Test -->
  </suite> <!-- Suite -->
</testng-results>
