<?xml version="1.0" encoding="UTF-8"?>
<!-- Generated by org.testng.reporters.JUnitXMLReporter -->
<testsuite ignored="0" hostname="DESKTOP-SBUKS87" failures="0" tests="1" name="Test" time="0.108" errors="0" timestamp="2025-03-06T12:28:46 GMT">
  <testcase classname="BaseClass.BaseClase" name="@BeforeClass setup" time="0.021">
    <failure type="java.lang.Error" message="Unresolved compilation problem: 
	The preview feature Pattern Matching in Switch is only available with source level 18 and above
">
      <![CDATA[java.lang.Error: Unresolved compilation problem: 
The preview feature Pattern Matching in Switch is only available with source level 18 and above

at BaseClass.BaseClase.setup(BaseClase.java:31)
at java.base/java.util.ArrayList.forEach(ArrayList.java:1511)
... Removed 25 stack frames]]>
    </failure>
  </testcase> <!-- @BeforeClass setup -->
  <testcase classname="BaseClass.BaseClase" name="@AfterClass teardown" time="0.0">
    <skipped/>
  </testcase> <!-- @AfterClass teardown -->
  <testcase classname="testCases.TC0001_AccountRegistrationTest" name="verify_account_registration" time="0.0">
    <skipped/>
  </testcase> <!-- verify_account_registration -->
</testsuite> <!-- Test -->
