<?xml version="1.0" encoding="UTF-8"?>
<testng-results ignored="0" total="1" passed="0" failed="1" skipped="0">
  <reporter-output>
  </reporter-output>
  <suite started-at="2025-03-17T09:19:53 GMT" name="Failed suite [Suite]" finished-at="2025-03-17T09:19:59 GMT" duration-ms="6059">
    <groups>
    </groups>
    <test started-at="2025-03-17T09:19:53 GMT" name="Test(failed)" finished-at="2025-03-17T09:19:59 GMT" duration-ms="6059">
      <class name="testcases.tc003_datadrivenlogintest">
        <test-method is-config="true" signature="setup(int)[pri:0, instance:testcases.tc003_datadrivenlogintest@5e2c3d18]" started-at="2025-03-17T09:19:53 GMT" name="setup" finished-at="2025-03-17T09:19:58 GMT" duration-ms="5149" status="PASS">
          <params>
            <param index="0">
              <value>
                <![CDATA[1]]>
              </value>
            </param>
          </params>
          <reporter-output>
          </reporter-output>
        </test-method> <!-- setup -->
        <test-method signature="verify_loginddt(java.lang.String,java.lang.String,java.lang.String)[pri:0, instance:testcases.tc003_datadrivenlogintest@5e2c3d18]" started-at="2025-03-17T09:19:58 GMT" name="verify_loginddt" finished-at="2025-03-17T09:19:58 GMT" duration-ms="0" status="FAIL">
          <exception class="org.testng.TestNGException">
            <message>
              <![CDATA[
Couldn't find a constructor in class utilities.dataProvides]]>
            </message>
            <full-stacktrace>
              <![CDATA[org.testng.TestNGException: 
Couldn't find a constructor in class utilities.dataProvides
at org.testng.internal.objects.InstanceCreator.newInstance(InstanceCreator.java:59)
at org.testng.ITestObjectFactory.newInstance(ITestObjectFactory.java:10)
at org.testng.internal.objects.SimpleObjectDispenser.dispense(SimpleObjectDispenser.java:61)
at org.testng.internal.objects.GuiceBasedObjectDispenser.dispenseObject(GuiceBasedObjectDispenser.java:41)
at org.testng.internal.objects.GuiceBasedObjectDispenser.dispense(GuiceBasedObjectDispenser.java:31)
at org.testng.internal.Parameters.findDataProvider(Parameters.java:636)
at org.testng.internal.Parameters.findDataProvider(Parameters.java:516)
at org.testng.internal.Parameters.handleParameters(Parameters.java:769)
at org.testng.internal.Parameters.handleParameters(Parameters.java:734)
at org.testng.internal.invokers.ParameterHandler.handleParameters(ParameterHandler.java:72)
at org.testng.internal.invokers.ParameterHandler.createParameters(ParameterHandler.java:51)
at org.testng.internal.invokers.TestInvoker$MethodInvocationAgent.invoke(TestInvoker.java:949)
at org.testng.internal.invokers.TestInvoker.invokeTestMethods(TestInvoker.java:203)
at org.testng.internal.invokers.TestMethodWorker.invokeTestMethods(TestMethodWorker.java:154)
at org.testng.internal.invokers.TestMethodWorker.run(TestMethodWorker.java:134)
at java.base/java.util.ArrayList.forEach(ArrayList.java:1511)
at org.testng.TestRunner.privateRun(TestRunner.java:741)
at org.testng.TestRunner.run(TestRunner.java:616)
at org.testng.SuiteRunner.runTest(SuiteRunner.java:421)
at org.testng.SuiteRunner.runSequentially(SuiteRunner.java:413)
at org.testng.SuiteRunner.privateRun(SuiteRunner.java:373)
at org.testng.SuiteRunner.run(SuiteRunner.java:312)
at org.testng.SuiteRunnerWorker.runSuite(SuiteRunnerWorker.java:52)
at org.testng.SuiteRunnerWorker.run(SuiteRunnerWorker.java:95)
at org.testng.TestNG.runSuitesSequentially(TestNG.java:1274)
at org.testng.TestNG.runSuitesLocally(TestNG.java:1208)
at org.testng.TestNG.runSuites(TestNG.java:1112)
at org.testng.TestNG.run(TestNG.java:1079)
at org.testng.remote.AbstractRemoteTestNG.run(AbstractRemoteTestNG.java:115)
at org.testng.remote.RemoteTestNG.initAndRun(RemoteTestNG.java:293)
at org.testng.remote.RemoteTestNG.main(RemoteTestNG.java:91)
]]>
            </full-stacktrace>
          </exception> <!-- org.testng.TestNGException -->
          <reporter-output>
          </reporter-output>
        </test-method> <!-- verify_loginddt -->
        <test-method is-config="true" signature="teardown()[pri:0, instance:testcases.tc003_datadrivenlogintest@5e2c3d18]" started-at="2025-03-17T09:19:58 GMT" name="teardown" finished-at="2025-03-17T09:19:59 GMT" duration-ms="299" status="PASS">
          <reporter-output>
          </reporter-output>
        </test-method> <!-- teardown -->
      </class> <!-- testcases.tc003_datadrivenlogintest -->
    </test> <!-- Test(failed) -->
  </suite> <!-- Failed suite [Suite] -->
</testng-results>
