<?xml version="1.0" encoding="UTF-8"?>
<!-- Generated by org.testng.reporters.JUnitXMLReporter -->
<testsuite ignored="0" hostname="DESKTOP-SBUKS87" failures="1" tests="3" name="Test" time="15.617" errors="0" timestamp="2025-03-16T15:25:52 GMT">
  <testcase classname="testcases.TC001" name="verify_account_registration" time="2.375"/>
  <testcase classname="testcases.tc002_logintest" name="verify_login" time="2.402"/>
  <testcase classname="testcases.tc003_datadrivenlogintest" name="verify_loginddt" time="0.0">
    <failure type="org.testng.TestNGException" message="
Couldn&amp;apos;t find a constructor in class utilities.dataProvides">
      <![CDATA[org.testng.TestNGException: 
Couldn't find a constructor in class utilities.dataProvides
at java.base/java.util.ArrayList.forEach(ArrayList.java:1511)
... Removed 30 stack frames]]>
    </failure>
  </testcase> <!-- verify_loginddt -->
</testsuite> <!-- Test -->
