<?xml version="1.0" encoding="UTF-8"?>
<!-- Generated by org.testng.reporters.JUnitXMLReporter -->
<testsuite ignored="0" hostname="DESKTOP-SBUKS87" failures="0" tests="5" name="Test" time="14.186" errors="0" timestamp="2025-03-25T20:46:48 GMT">
  <testcase classname="testCases.TC_LO_DataDrivenTest" name="UserName_Password_dataDrivenTest" time="1.282"/>
  <testcase classname="testCases.TC_LO_DataDrivenTest" name="UserName_Password_dataDrivenTest" time="0.15"/>
  <testcase classname="testCases.TC_LO_DataDrivenTest" name="UserName_Password_dataDrivenTest" time="0.184"/>
  <testcase classname="testCases.TC_LO_DataDrivenTest" name="UserName_Password_dataDrivenTest" time="0.168"/>
  <testcase classname="testCases.TC_LO_DataDrivenTest" name="UserName_Password_dataDrivenTest" time="1.152"/>
</testsuite> <!-- Test -->
